TN:
SF:02-ratelimitter.js
FNF:0
FNH:0
DA:1,1
DA:2,1
DA:3,1
DA:4,1
DA:5,1
DA:6,1
DA:7,1
DA:8,1
DA:9,1
DA:10,1
DA:11,1
DA:12,1
DA:13,1
DA:14,1
DA:15,1
DA:16,2
DA:17,1
DA:18,1
DA:19,1
DA:20,12
DA:21,12
DA:22,12
DA:23,12
DA:24,12
DA:25,9
DA:26,9
DA:27,9
DA:28,9
DA:29,5
DA:30,9
DA:31,4
DA:32,4
DA:33,4
DA:34,4
DA:35,12
DA:36,3
DA:37,3
DA:38,3
DA:39,3
DA:40,3
DA:41,12
DA:42,1
DA:43,1
DA:44,1
DA:45,7
DA:46,1
DA:47,1
DA:48,1
DA:49,0
DA:50,1
DA:51,1
DA:52,1
LF:52
LH:51
BRDA:15,0,0,2
BRDA:19,1,0,12
BRDA:24,2,0,9
BRDA:28,3,0,5
BRDA:30,4,0,4
BRDA:35,5,0,3
BRDA:44,6,0,7
BRF:7
BRH:7
end_of_record
